[2025-10-03 17:17:36] alias=trial_v1_02
[2025-10-03 17:17:36] Config snapshot written to config.yaml
[2025-10-03 17:17:36] Initialising training for trial_v1_02: epochs≈400, epoch_length=41360
[2025-10-03 17:18:12] Epoch 1 recorded at 41360 steps (train/clip_fraction=0.1230, train/clip_range=0.2000, train/entropy_loss=-1.3605, train/explained_variance=-0.5396, train/learning_rate=0.0003, train/loss=6.2168, train/n_updates=100.0000, train/policy_gradient_loss=-0.0409, train/std=0.9397, train/value_loss=29.0089)
[2025-10-03 17:18:49] Epoch 2 recorded at 82720 steps (train/clip_fraction=0.2147, train/clip_range=0.2000, train/entropy_loss=-1.2643, train/explained_variance=-1.1076, train/learning_rate=0.0003, train/loss=3.2587, train/n_updates=200.0000, train/policy_gradient_loss=-0.0475, train/std=0.8458, train/value_loss=12.9077)
[2025-10-03 17:19:19] Epoch 3 recorded at 124080 steps (train/clip_fraction=0.4185, train/clip_range=0.2000, train/entropy_loss=-1.0966, train/explained_variance=0.0649, train/learning_rate=0.0003, train/loss=4.7542, train/n_updates=300.0000, train/policy_gradient_loss=-0.0692, train/std=0.7149, train/value_loss=11.0817)
[2025-10-03 17:19:58] Epoch 4 recorded at 165440 steps (train/clip_fraction=0.3180, train/clip_range=0.2000, train/entropy_loss=-0.8557, train/explained_variance=0.0669, train/learning_rate=0.0003, train/loss=5.5053, train/n_updates=400.0000, train/policy_gradient_loss=-0.0373, train/std=0.5683, train/value_loss=8.7184)
[2025-10-03 17:20:37] Epoch 5 recorded at 206800 steps (train/clip_fraction=0.2660, train/clip_range=0.2000, train/entropy_loss=-0.6589, train/explained_variance=0.0677, train/learning_rate=0.0003, train/loss=4.4569, train/n_updates=500.0000, train/policy_gradient_loss=-0.0209, train/std=0.4672, train/value_loss=18.4489)
[2025-10-03 17:20:44] Evaluation @ epoch 5: mean=-775.5144, std=0.0000
[2025-10-03 17:20:44] New best model saved at best_model_206800.zip (mean reward -775.5144)
[2025-10-03 17:21:25] Epoch 6 recorded at 248160 steps (train/clip_fraction=0.2980, train/clip_range=0.2000, train/entropy_loss=-0.5445, train/explained_variance=0.1067, train/learning_rate=0.0003, train/loss=5.3554, train/n_updates=600.0000, train/policy_gradient_loss=-0.0206, train/std=0.4165, train/value_loss=13.4842)
[2025-10-03 17:21:57] Epoch 7 recorded at 289520 steps (train/clip_fraction=0.2004, train/clip_range=0.2000, train/entropy_loss=-0.4357, train/explained_variance=-0.2967, train/learning_rate=0.0003, train/loss=0.7352, train/n_updates=700.0000, train/policy_gradient_loss=-0.0615, train/std=0.3734, train/value_loss=6.1248)
[2025-10-03 17:22:27] Epoch 8 recorded at 330880 steps (train/clip_fraction=0.1502, train/clip_range=0.2000, train/entropy_loss=-0.2631, train/explained_variance=-0.2116, train/learning_rate=0.0003, train/loss=0.8055, train/n_updates=800.0000, train/policy_gradient_loss=-0.0517, train/std=0.3146, train/value_loss=10.5338)
[2025-10-03 17:22:57] Epoch 9 recorded at 372240 steps (train/clip_fraction=0.2047, train/clip_range=0.2000, train/entropy_loss=-0.1807, train/explained_variance=0.0179, train/learning_rate=0.0003, train/loss=0.7658, train/n_updates=900.0000, train/policy_gradient_loss=-0.0641, train/std=0.2896, train/value_loss=9.8204)
[2025-10-03 17:23:27] Epoch 10 recorded at 413600 steps (train/clip_fraction=0.2049, train/clip_range=0.2000, train/entropy_loss=-0.0671, train/explained_variance=0.1467, train/learning_rate=0.0003, train/loss=1.1812, train/n_updates=1000.0000, train/policy_gradient_loss=-0.0659, train/std=0.2586, train/value_loss=12.3138)
[2025-10-03 17:23:32] Evaluation @ epoch 10: mean=-1163.0641, std=0.0000
[2025-10-03 17:24:03] Epoch 11 recorded at 454960 steps (train/clip_fraction=0.3249, train/clip_range=0.2000, train/entropy_loss=0.0714, train/explained_variance=0.2251, train/learning_rate=0.0003, train/loss=0.4066, train/n_updates=1110.0000, train/policy_gradient_loss=-0.0792, train/std=0.2248, train/value_loss=2.8411)
[2025-10-03 17:24:31] Epoch 12 recorded at 496320 steps (train/clip_fraction=0.2403, train/clip_range=0.2000, train/entropy_loss=0.2207, train/explained_variance=0.2277, train/learning_rate=0.0003, train/loss=0.4500, train/n_updates=1210.0000, train/policy_gradient_loss=-0.0690, train/std=0.1939, train/value_loss=5.7702)
[2025-10-03 17:24:59] Epoch 13 recorded at 537680 steps (train/clip_fraction=0.2396, train/clip_range=0.2000, train/entropy_loss=0.3462, train/explained_variance=0.1389, train/learning_rate=0.0003, train/loss=0.5056, train/n_updates=1310.0000, train/policy_gradient_loss=-0.0666, train/std=0.1710, train/value_loss=6.6186)
[2025-10-03 17:25:29] Epoch 14 recorded at 579040 steps (train/clip_fraction=0.1754, train/clip_range=0.2000, train/entropy_loss=0.4684, train/explained_variance=-0.2531, train/learning_rate=0.0003, train/loss=1.0608, train/n_updates=1410.0000, train/policy_gradient_loss=-0.0466, train/std=0.1514, train/value_loss=10.9598)
[2025-10-03 17:25:59] Epoch 15 recorded at 620400 steps (train/clip_fraction=0.2527, train/clip_range=0.2000, train/entropy_loss=0.5709, train/explained_variance=0.1977, train/learning_rate=0.0003, train/loss=0.9496, train/n_updates=1510.0000, train/policy_gradient_loss=-0.0615, train/std=0.1366, train/value_loss=10.1304)
[2025-10-03 17:26:04] Evaluation @ epoch 15: mean=-767.9596, std=0.0000
[2025-10-03 17:26:04] New best model saved at best_model_620400.zip (mean reward -767.9596)
[2025-10-03 17:26:34] Epoch 16 recorded at 661760 steps (train/clip_fraction=0.3354, train/clip_range=0.2000, train/entropy_loss=0.6783, train/explained_variance=0.0703, train/learning_rate=0.0003, train/loss=0.3638, train/n_updates=1610.0000, train/policy_gradient_loss=-0.0822, train/std=0.1224, train/value_loss=7.7315)
[2025-10-03 17:27:02] Epoch 17 recorded at 703120 steps (train/clip_fraction=0.3459, train/clip_range=0.2000, train/entropy_loss=0.8067, train/explained_variance=0.0289, train/learning_rate=0.0003, train/loss=0.3411, train/n_updates=1710.0000, train/policy_gradient_loss=-0.0828, train/std=0.1076, train/value_loss=7.9269)
[2025-10-03 17:27:31] Epoch 18 recorded at 744480 steps (train/clip_fraction=0.4043, train/clip_range=0.2000, train/entropy_loss=0.9361, train/explained_variance=0.0652, train/learning_rate=0.0003, train/loss=0.3057, train/n_updates=1810.0000, train/policy_gradient_loss=-0.0911, train/std=0.0945, train/value_loss=5.8285)
[2025-10-03 17:28:00] Epoch 19 recorded at 785840 steps (train/clip_fraction=0.4185, train/clip_range=0.2000, train/entropy_loss=1.0623, train/explained_variance=0.2407, train/learning_rate=0.0003, train/loss=0.3155, train/n_updates=1910.0000, train/policy_gradient_loss=-0.0948, train/std=0.0832, train/value_loss=7.2953)
[2025-10-03 17:28:30] Epoch 20 recorded at 827200 steps (train/clip_fraction=0.4279, train/clip_range=0.2000, train/entropy_loss=1.1865, train/explained_variance=0.2926, train/learning_rate=0.0003, train/loss=0.3939, train/n_updates=2010.0000, train/policy_gradient_loss=-0.0891, train/std=0.0735, train/value_loss=7.0262)
[2025-10-03 17:28:35] Evaluation @ epoch 20: mean=-818.2255, std=0.0000
[2025-10-03 17:29:06] Epoch 21 recorded at 868560 steps (train/clip_fraction=0.5040, train/clip_range=0.2000, train/entropy_loss=1.3163, train/explained_variance=-0.0989, train/learning_rate=0.0003, train/loss=0.3100, train/n_updates=2120.0000, train/policy_gradient_loss=-0.0812, train/std=0.0644, train/value_loss=4.4675)
[2025-10-03 17:29:35] Epoch 22 recorded at 909920 steps (train/clip_fraction=0.5048, train/clip_range=0.2000, train/entropy_loss=1.4506, train/explained_variance=0.0846, train/learning_rate=0.0003, train/loss=0.2728, train/n_updates=2220.0000, train/policy_gradient_loss=-0.0804, train/std=0.0563, train/value_loss=5.2298)
[2025-10-03 17:30:04] Epoch 23 recorded at 951280 steps (train/clip_fraction=0.5213, train/clip_range=0.2000, train/entropy_loss=1.5848, train/explained_variance=-0.1215, train/learning_rate=0.0003, train/loss=0.1538, train/n_updates=2320.0000, train/policy_gradient_loss=-0.0770, train/std=0.0492, train/value_loss=4.7308)
[2025-10-03 17:30:33] Epoch 24 recorded at 992640 steps (train/clip_fraction=0.5436, train/clip_range=0.2000, train/entropy_loss=1.7101, train/explained_variance=-0.1819, train/learning_rate=0.0003, train/loss=0.1961, train/n_updates=2420.0000, train/policy_gradient_loss=-0.0610, train/std=0.0435, train/value_loss=4.4817)
[2025-10-03 17:31:02] Epoch 25 recorded at 1034000 steps (train/clip_fraction=0.5411, train/clip_range=0.2000, train/entropy_loss=1.8265, train/explained_variance=0.2115, train/learning_rate=0.0003, train/loss=0.2373, train/n_updates=2520.0000, train/policy_gradient_loss=-0.0600, train/std=0.0387, train/value_loss=4.6548)
[2025-10-03 17:31:07] Evaluation @ epoch 25: mean=-783.3000, std=0.0000
[2025-10-03 17:31:36] Epoch 26 recorded at 1075360 steps (train/clip_fraction=0.5817, train/clip_range=0.2000, train/entropy_loss=1.9412, train/explained_variance=0.1138, train/learning_rate=0.0003, train/loss=0.1628, train/n_updates=2620.0000, train/policy_gradient_loss=-0.0569, train/std=0.0344, train/value_loss=5.0643)
[2025-10-03 17:32:05] Epoch 27 recorded at 1116720 steps (train/clip_fraction=0.5866, train/clip_range=0.2000, train/entropy_loss=2.0509, train/explained_variance=-0.0221, train/learning_rate=0.0003, train/loss=0.2703, train/n_updates=2720.0000, train/policy_gradient_loss=-0.0523, train/std=0.0309, train/value_loss=3.7096)
[2025-10-03 17:32:34] Epoch 28 recorded at 1158080 steps (train/clip_fraction=0.6057, train/clip_range=0.2000, train/entropy_loss=2.1512, train/explained_variance=0.1467, train/learning_rate=0.0003, train/loss=0.2898, train/n_updates=2820.0000, train/policy_gradient_loss=-0.0468, train/std=0.0279, train/value_loss=4.2620)
[2025-10-03 17:33:04] Epoch 29 recorded at 1199440 steps (train/clip_fraction=0.6430, train/clip_range=0.2000, train/entropy_loss=2.2352, train/explained_variance=0.1348, train/learning_rate=0.0003, train/loss=0.2347, train/n_updates=2920.0000, train/policy_gradient_loss=-0.0253, train/std=0.0257, train/value_loss=2.7017)
[2025-10-03 17:33:33] Epoch 30 recorded at 1240800 steps (train/clip_fraction=0.6566, train/clip_range=0.2000, train/entropy_loss=2.3148, train/explained_variance=0.4239, train/learning_rate=0.0003, train/loss=0.2847, train/n_updates=3020.0000, train/policy_gradient_loss=-0.0071, train/std=0.0238, train/value_loss=1.9607)
[2025-10-03 17:33:38] Evaluation @ epoch 30: mean=-594.8927, std=0.0000
[2025-10-03 17:33:38] New best model saved at best_model_1240800.zip (mean reward -594.8927)
[2025-10-03 17:34:09] Epoch 31 recorded at 1282160 steps (train/clip_fraction=0.6517, train/clip_range=0.2000, train/entropy_loss=2.3751, train/explained_variance=-0.0920, train/learning_rate=0.0003, train/loss=0.3972, train/n_updates=3130.0000, train/policy_gradient_loss=-0.0065, train/std=0.0224, train/value_loss=3.2035)
[2025-10-03 17:34:38] Epoch 32 recorded at 1323520 steps (train/clip_fraction=0.6669, train/clip_range=0.2000, train/entropy_loss=2.4462, train/explained_variance=-0.2006, train/learning_rate=0.0003, train/loss=0.2576, train/n_updates=3230.0000, train/policy_gradient_loss=0.0118, train/std=0.0209, train/value_loss=2.5502)
[2025-10-03 17:35:09] Epoch 33 recorded at 1364880 steps (train/clip_fraction=0.6735, train/clip_range=0.2000, train/entropy_loss=2.5009, train/explained_variance=-0.2250, train/learning_rate=0.0003, train/loss=0.2761, train/n_updates=3330.0000, train/policy_gradient_loss=0.0114, train/std=0.0198, train/value_loss=2.0538)
[2025-10-03 17:35:39] Epoch 34 recorded at 1406240 steps (train/clip_fraction=0.6412, train/clip_range=0.2000, train/entropy_loss=2.5579, train/explained_variance=-0.3247, train/learning_rate=0.0003, train/loss=0.2520, train/n_updates=3430.0000, train/policy_gradient_loss=-0.0124, train/std=0.0186, train/value_loss=3.5341)
[2025-10-03 17:36:07] Epoch 35 recorded at 1447600 steps (train/clip_fraction=0.6772, train/clip_range=0.2000, train/entropy_loss=2.6006, train/explained_variance=-0.0794, train/learning_rate=0.0003, train/loss=0.2311, train/n_updates=3530.0000, train/policy_gradient_loss=0.0035, train/std=0.0179, train/value_loss=3.2170)
[2025-10-03 17:36:12] Evaluation @ epoch 35: mean=-575.4461, std=0.0000
[2025-10-03 17:36:12] New best model saved at best_model_1447600.zip (mean reward -575.4461)
[2025-10-03 17:36:43] Epoch 36 recorded at 1488960 steps (train/clip_fraction=0.6719, train/clip_range=0.2000, train/entropy_loss=2.6375, train/explained_variance=-0.1227, train/learning_rate=0.0003, train/loss=0.2731, train/n_updates=3630.0000, train/policy_gradient_loss=0.0188, train/std=0.0173, train/value_loss=3.4093)
[2025-10-03 17:37:13] Epoch 37 recorded at 1530320 steps (train/clip_fraction=0.6711, train/clip_range=0.2000, train/entropy_loss=2.6759, train/explained_variance=0.0656, train/learning_rate=0.0003, train/loss=0.3279, train/n_updates=3730.0000, train/policy_gradient_loss=0.0041, train/std=0.0165, train/value_loss=3.3304)
[2025-10-03 17:37:43] Epoch 38 recorded at 1571680 steps (train/clip_fraction=0.6802, train/clip_range=0.2000, train/entropy_loss=2.6823, train/explained_variance=0.3462, train/learning_rate=0.0003, train/loss=0.3267, train/n_updates=3830.0000, train/policy_gradient_loss=0.0181, train/std=0.0165, train/value_loss=2.4047)
[2025-10-03 17:38:12] Epoch 39 recorded at 1613040 steps (train/clip_fraction=0.6828, train/clip_range=0.2000, train/entropy_loss=2.7059, train/explained_variance=0.5051, train/learning_rate=0.0003, train/loss=0.3495, train/n_updates=3930.0000, train/policy_gradient_loss=0.0215, train/std=0.0161, train/value_loss=1.9442)
[2025-10-03 17:38:47] Epoch 40 recorded at 1654400 steps (train/clip_fraction=0.6698, train/clip_range=0.2000, train/entropy_loss=2.7159, train/explained_variance=0.5696, train/learning_rate=0.0003, train/loss=0.2952, train/n_updates=4030.0000, train/policy_gradient_loss=0.0152, train/std=0.0160, train/value_loss=1.8577)
[2025-10-03 17:38:52] Evaluation @ epoch 40: mean=-711.8814, std=0.0000
[2025-10-03 17:39:22] Epoch 41 recorded at 1695760 steps (train/clip_fraction=0.6549, train/clip_range=0.2000, train/entropy_loss=2.7334, train/explained_variance=0.3712, train/learning_rate=0.0003, train/loss=0.2211, train/n_updates=4140.0000, train/policy_gradient_loss=-0.0066, train/std=0.0156, train/value_loss=3.2916)
[2025-10-03 17:39:57] Epoch 42 recorded at 1737120 steps (train/clip_fraction=0.6726, train/clip_range=0.2000, train/entropy_loss=2.7995, train/explained_variance=0.3799, train/learning_rate=0.0003, train/loss=0.2636, train/n_updates=4240.0000, train/policy_gradient_loss=0.0079, train/std=0.0147, train/value_loss=3.0058)
[2025-10-03 17:40:37] Epoch 43 recorded at 1778480 steps (train/clip_fraction=0.6734, train/clip_range=0.2000, train/entropy_loss=2.8443, train/explained_variance=0.2987, train/learning_rate=0.0003, train/loss=0.1887, train/n_updates=4340.0000, train/policy_gradient_loss=0.0005, train/std=0.0140, train/value_loss=2.5896)
[2025-10-03 17:41:15] Epoch 44 recorded at 1819840 steps (train/clip_fraction=0.6725, train/clip_range=0.2000, train/entropy_loss=2.8704, train/explained_variance=0.1186, train/learning_rate=0.0003, train/loss=0.2269, train/n_updates=4440.0000, train/policy_gradient_loss=0.0040, train/std=0.0136, train/value_loss=2.5663)
[2025-10-03 17:41:54] Epoch 45 recorded at 1861200 steps (train/clip_fraction=0.6693, train/clip_range=0.2000, train/entropy_loss=2.9010, train/explained_variance=0.2797, train/learning_rate=0.0003, train/loss=0.1831, train/n_updates=4540.0000, train/policy_gradient_loss=0.0020, train/std=0.0132, train/value_loss=3.0524)
[2025-10-03 17:42:01] Evaluation @ epoch 45: mean=-580.3021, std=0.0000
[2025-10-03 17:42:39] Epoch 46 recorded at 1902560 steps (train/clip_fraction=0.6741, train/clip_range=0.2000, train/entropy_loss=2.9133, train/explained_variance=-0.0004, train/learning_rate=0.0003, train/loss=0.2031, train/n_updates=4640.0000, train/policy_gradient_loss=0.0063, train/std=0.0131, train/value_loss=2.7240)
[2025-10-03 17:43:18] Epoch 47 recorded at 1943920 steps (train/clip_fraction=0.6796, train/clip_range=0.2000, train/entropy_loss=2.9315, train/explained_variance=0.0696, train/learning_rate=0.0003, train/loss=0.2012, train/n_updates=4740.0000, train/policy_gradient_loss=0.0187, train/std=0.0129, train/value_loss=2.4382)
[2025-10-03 17:43:48] Epoch 48 recorded at 1985280 steps (train/clip_fraction=0.6858, train/clip_range=0.2000, train/entropy_loss=2.9449, train/explained_variance=0.1159, train/learning_rate=0.0003, train/loss=0.2344, train/n_updates=4840.0000, train/policy_gradient_loss=0.0186, train/std=0.0127, train/value_loss=2.1494)
[2025-10-03 17:44:26] Epoch 49 recorded at 2026640 steps (train/clip_fraction=0.6829, train/clip_range=0.2000, train/entropy_loss=2.9652, train/explained_variance=0.1978, train/learning_rate=0.0003, train/loss=0.2230, train/n_updates=4940.0000, train/policy_gradient_loss=0.0202, train/std=0.0124, train/value_loss=2.0571)
[2025-10-03 17:45:03] Epoch 50 recorded at 2068000 steps (train/clip_fraction=0.6888, train/clip_range=0.2000, train/entropy_loss=2.9761, train/explained_variance=0.4388, train/learning_rate=0.0003, train/loss=0.1984, train/n_updates=5040.0000, train/policy_gradient_loss=0.0234, train/std=0.0124, train/value_loss=2.0309)
[2025-10-03 17:45:10] Evaluation @ epoch 50: mean=-642.7484, std=0.0000
[2025-10-03 17:45:49] Epoch 51 recorded at 2109360 steps (train/clip_fraction=0.6708, train/clip_range=0.2000, train/entropy_loss=2.9674, train/explained_variance=0.8031, train/learning_rate=0.0003, train/loss=0.1836, train/n_updates=5140.0000, train/policy_gradient_loss=0.0200, train/std=0.0124, train/value_loss=1.7081)
[2025-10-03 17:46:21] Epoch 52 recorded at 2150720 steps (train/clip_fraction=0.6634, train/clip_range=0.2000, train/entropy_loss=3.0107, train/explained_variance=0.1745, train/learning_rate=0.0003, train/loss=0.1994, train/n_updates=5250.0000, train/policy_gradient_loss=0.0069, train/std=0.0118, train/value_loss=3.1468)
[2025-10-03 17:46:50] Epoch 53 recorded at 2192080 steps (train/clip_fraction=0.6722, train/clip_range=0.2000, train/entropy_loss=3.0505, train/explained_variance=0.0527, train/learning_rate=0.0003, train/loss=0.1978, train/n_updates=5350.0000, train/policy_gradient_loss=0.0001, train/std=0.0114, train/value_loss=3.1704)
[2025-10-03 17:47:27] Epoch 54 recorded at 2233440 steps (train/clip_fraction=0.6810, train/clip_range=0.2000, train/entropy_loss=3.0716, train/explained_variance=0.0758, train/learning_rate=0.0003, train/loss=0.1890, train/n_updates=5450.0000, train/policy_gradient_loss=0.0078, train/std=0.0111, train/value_loss=2.3952)
[2025-10-03 17:48:06] Epoch 55 recorded at 2274800 steps (train/clip_fraction=0.6814, train/clip_range=0.2000, train/entropy_loss=3.0734, train/explained_variance=0.1166, train/learning_rate=0.0003, train/loss=0.1710, train/n_updates=5550.0000, train/policy_gradient_loss=0.0230, train/std=0.0111, train/value_loss=2.0870)
[2025-10-03 17:48:13] Evaluation @ epoch 55: mean=-650.6883, std=0.0000
[2025-10-03 17:48:50] Epoch 56 recorded at 2316160 steps (train/clip_fraction=0.6737, train/clip_range=0.2000, train/entropy_loss=3.0920, train/explained_variance=0.1218, train/learning_rate=0.0003, train/loss=0.2201, train/n_updates=5650.0000, train/policy_gradient_loss=0.0080, train/std=0.0109, train/value_loss=2.6788)
[2025-10-03 17:49:22] Epoch 57 recorded at 2357520 steps (train/clip_fraction=0.6630, train/clip_range=0.2000, train/entropy_loss=3.0975, train/explained_variance=0.3107, train/learning_rate=0.0003, train/loss=0.2359, train/n_updates=5750.0000, train/policy_gradient_loss=0.0060, train/std=0.0109, train/value_loss=3.0346)
[2025-10-03 17:49:50] Epoch 58 recorded at 2398880 steps (train/clip_fraction=0.6557, train/clip_range=0.2000, train/entropy_loss=3.1085, train/explained_variance=0.3696, train/learning_rate=0.0003, train/loss=0.2981, train/n_updates=5850.0000, train/policy_gradient_loss=0.0026, train/std=0.0107, train/value_loss=4.0268)
[2025-10-03 17:50:32] Epoch 59 recorded at 2440240 steps (train/clip_fraction=0.6927, train/clip_range=0.2000, train/entropy_loss=3.1350, train/explained_variance=0.3160, train/learning_rate=0.0003, train/loss=0.2928, train/n_updates=5950.0000, train/policy_gradient_loss=0.0302, train/std=0.0105, train/value_loss=2.6011)
[2025-10-03 17:51:15] Epoch 60 recorded at 2481600 steps (train/clip_fraction=0.6831, train/clip_range=0.2000, train/entropy_loss=3.1323, train/explained_variance=0.4126, train/learning_rate=0.0003, train/loss=0.3035, train/n_updates=6050.0000, train/policy_gradient_loss=0.0139, train/std=0.0105, train/value_loss=2.7413)
[2025-10-03 17:51:22] Evaluation @ epoch 60: mean=-622.4643, std=0.0000
[2025-10-03 17:52:01] Epoch 61 recorded at 2522960 steps (train/clip_fraction=0.6869, train/clip_range=0.2000, train/entropy_loss=3.1420, train/explained_variance=0.6311, train/learning_rate=0.0003, train/loss=0.2627, train/n_updates=6150.0000, train/policy_gradient_loss=0.0285, train/std=0.0104, train/value_loss=2.3807)
[2025-10-03 17:52:41] Epoch 62 recorded at 2564320 steps (train/clip_fraction=0.6823, train/clip_range=0.2000, train/entropy_loss=3.1778, train/explained_variance=0.4701, train/learning_rate=0.0003, train/loss=0.1937, train/n_updates=6260.0000, train/policy_gradient_loss=0.0197, train/std=0.0100, train/value_loss=2.5532)
[2025-10-03 17:53:14] Epoch 63 recorded at 2605680 steps (train/clip_fraction=0.6846, train/clip_range=0.2000, train/entropy_loss=3.1972, train/explained_variance=0.3497, train/learning_rate=0.0003, train/loss=0.2225, train/n_updates=6360.0000, train/policy_gradient_loss=0.0230, train/std=0.0098, train/value_loss=2.8366)
[2025-10-03 17:53:44] Epoch 64 recorded at 2647040 steps (train/clip_fraction=0.6687, train/clip_range=0.2000, train/entropy_loss=3.1970, train/explained_variance=0.3999, train/learning_rate=0.0003, train/loss=0.2026, train/n_updates=6460.0000, train/policy_gradient_loss=0.0077, train/std=0.0098, train/value_loss=3.2038)
[2025-10-03 17:54:13] Epoch 65 recorded at 2688400 steps (train/clip_fraction=0.6945, train/clip_range=0.2000, train/entropy_loss=3.2141, train/explained_variance=0.2331, train/learning_rate=0.0003, train/loss=0.1852, train/n_updates=6560.0000, train/policy_gradient_loss=0.0293, train/std=0.0097, train/value_loss=3.2601)
[2025-10-03 17:54:21] Evaluation @ epoch 65: mean=-587.4149, std=0.0000
[2025-10-03 17:55:03] Epoch 66 recorded at 2729760 steps (train/clip_fraction=0.6808, train/clip_range=0.2000, train/entropy_loss=3.2231, train/explained_variance=0.2250, train/learning_rate=0.0003, train/loss=0.1742, train/n_updates=6660.0000, train/policy_gradient_loss=0.0184, train/std=0.0096, train/value_loss=3.1867)
[2025-10-03 17:55:41] Epoch 67 recorded at 2771120 steps (train/clip_fraction=0.6731, train/clip_range=0.2000, train/entropy_loss=3.2519, train/explained_variance=0.3446, train/learning_rate=0.0003, train/loss=0.1963, train/n_updates=6760.0000, train/policy_gradient_loss=0.0186, train/std=0.0093, train/value_loss=3.4286)
[2025-10-03 17:56:14] Epoch 68 recorded at 2812480 steps (train/clip_fraction=0.6637, train/clip_range=0.2000, train/entropy_loss=3.2570, train/explained_variance=0.4624, train/learning_rate=0.0003, train/loss=0.2384, train/n_updates=6860.0000, train/policy_gradient_loss=0.0067, train/std=0.0092, train/value_loss=3.5618)
[2025-10-03 17:56:43] Epoch 69 recorded at 2853840 steps (train/clip_fraction=0.6719, train/clip_range=0.2000, train/entropy_loss=3.2534, train/explained_variance=0.4695, train/learning_rate=0.0003, train/loss=0.2613, train/n_updates=6960.0000, train/policy_gradient_loss=0.0138, train/std=0.0093, train/value_loss=3.4870)
[2025-10-03 17:57:13] Epoch 70 recorded at 2895200 steps (train/clip_fraction=0.6851, train/clip_range=0.2000, train/entropy_loss=3.2547, train/explained_variance=0.5231, train/learning_rate=0.0003, train/loss=0.2499, train/n_updates=7060.0000, train/policy_gradient_loss=0.0170, train/std=0.0093, train/value_loss=3.3640)
[2025-10-03 17:57:20] Evaluation @ epoch 70: mean=-586.5652, std=0.0000
[2025-10-03 17:57:57] Epoch 71 recorded at 2936560 steps (train/clip_fraction=0.6651, train/clip_range=0.2000, train/entropy_loss=3.2463, train/explained_variance=0.6126, train/learning_rate=0.0003, train/loss=0.2516, train/n_updates=7160.0000, train/policy_gradient_loss=0.0051, train/std=0.0094, train/value_loss=3.1190)
[2025-10-03 17:58:36] Epoch 72 recorded at 2977920 steps (train/clip_fraction=0.6801, train/clip_range=0.2000, train/entropy_loss=3.2710, train/explained_variance=0.6163, train/learning_rate=0.0003, train/loss=0.2091, train/n_updates=7270.0000, train/policy_gradient_loss=0.0247, train/std=0.0092, train/value_loss=2.4196)
[2025-10-03 17:59:04] Epoch 73 recorded at 3019280 steps (train/clip_fraction=0.6738, train/clip_range=0.2000, train/entropy_loss=3.2858, train/explained_variance=0.5431, train/learning_rate=0.0003, train/loss=0.2142, train/n_updates=7370.0000, train/policy_gradient_loss=0.0208, train/std=0.0090, train/value_loss=2.6104)
[2025-10-03 17:59:34] Epoch 74 recorded at 3060640 steps (train/clip_fraction=0.6893, train/clip_range=0.2000, train/entropy_loss=3.3105, train/explained_variance=0.5191, train/learning_rate=0.0003, train/loss=0.1875, train/n_updates=7470.0000, train/policy_gradient_loss=0.0307, train/std=0.0088, train/value_loss=2.7658)
[2025-10-03 18:00:03] Epoch 75 recorded at 3102000 steps (train/clip_fraction=0.6666, train/clip_range=0.2000, train/entropy_loss=3.3343, train/explained_variance=0.4047, train/learning_rate=0.0003, train/loss=0.1623, train/n_updates=7570.0000, train/policy_gradient_loss=0.0060, train/std=0.0086, train/value_loss=2.9665)
[2025-10-03 18:00:08] Evaluation @ epoch 75: mean=-601.2283, std=0.0000
[2025-10-03 18:00:37] Epoch 76 recorded at 3143360 steps (train/clip_fraction=0.6834, train/clip_range=0.2000, train/entropy_loss=3.3310, train/explained_variance=0.3196, train/learning_rate=0.0003, train/loss=0.1778, train/n_updates=7670.0000, train/policy_gradient_loss=0.0251, train/std=0.0086, train/value_loss=2.8606)
[2025-10-03 18:01:05] Epoch 77 recorded at 3184720 steps (train/clip_fraction=0.6836, train/clip_range=0.2000, train/entropy_loss=3.3455, train/explained_variance=0.3478, train/learning_rate=0.0003, train/loss=0.1931, train/n_updates=7770.0000, train/policy_gradient_loss=0.0260, train/std=0.0085, train/value_loss=3.0608)
[2025-10-03 18:01:33] Epoch 78 recorded at 3226080 steps (train/clip_fraction=0.6690, train/clip_range=0.2000, train/entropy_loss=3.3471, train/explained_variance=0.5072, train/learning_rate=0.0003, train/loss=0.2200, train/n_updates=7870.0000, train/policy_gradient_loss=0.0032, train/std=0.0085, train/value_loss=2.8837)
[2025-10-03 18:02:02] Epoch 79 recorded at 3267440 steps (train/clip_fraction=0.6753, train/clip_range=0.2000, train/entropy_loss=3.3629, train/explained_variance=0.4661, train/learning_rate=0.0003, train/loss=0.1932, train/n_updates=7970.0000, train/policy_gradient_loss=0.0154, train/std=0.0084, train/value_loss=2.8989)
[2025-10-03 18:02:32] Epoch 80 recorded at 3308800 steps (train/clip_fraction=0.6754, train/clip_range=0.2000, train/entropy_loss=3.3548, train/explained_variance=0.5350, train/learning_rate=0.0003, train/loss=0.2149, train/n_updates=8070.0000, train/policy_gradient_loss=0.0127, train/std=0.0084, train/value_loss=2.7363)
[2025-10-03 18:02:37] Evaluation @ epoch 80: mean=-571.0272, std=0.0000
[2025-10-03 18:02:37] New best model saved at best_model_3308800.zip (mean reward -571.0272)
[2025-10-03 18:03:07] Epoch 81 recorded at 3350160 steps (train/clip_fraction=0.6841, train/clip_range=0.2000, train/entropy_loss=3.3496, train/explained_variance=0.6354, train/learning_rate=0.0003, train/loss=0.2329, train/n_updates=8170.0000, train/policy_gradient_loss=0.0259, train/std=0.0085, train/value_loss=2.4174)
[2025-10-03 18:03:44] Epoch 82 recorded at 3391520 steps (train/clip_fraction=0.6649, train/clip_range=0.2000, train/entropy_loss=3.3640, train/explained_variance=0.6994, train/learning_rate=0.0003, train/loss=0.1314, train/n_updates=8280.0000, train/policy_gradient_loss=0.0143, train/std=0.0083, train/value_loss=2.2240)
[2025-10-03 18:04:14] Epoch 83 recorded at 3432880 steps (train/clip_fraction=0.6675, train/clip_range=0.2000, train/entropy_loss=3.3866, train/explained_variance=0.6560, train/learning_rate=0.0003, train/loss=0.1714, train/n_updates=8380.0000, train/policy_gradient_loss=0.0106, train/std=0.0081, train/value_loss=2.3916)
[2025-10-03 18:04:44] Epoch 84 recorded at 3474240 steps (train/clip_fraction=0.6838, train/clip_range=0.2000, train/entropy_loss=3.3975, train/explained_variance=0.6311, train/learning_rate=0.0003, train/loss=0.2058, train/n_updates=8480.0000, train/policy_gradient_loss=0.0277, train/std=0.0081, train/value_loss=2.6951)
[2025-10-03 18:05:13] Epoch 85 recorded at 3515600 steps (train/clip_fraction=0.6830, train/clip_range=0.2000, train/entropy_loss=3.3988, train/explained_variance=0.5576, train/learning_rate=0.0003, train/loss=0.1753, train/n_updates=8580.0000, train/policy_gradient_loss=0.0261, train/std=0.0081, train/value_loss=2.6374)
[2025-10-03 18:05:18] Evaluation @ epoch 85: mean=-602.1945, std=0.0000
[2025-10-03 18:05:48] Epoch 86 recorded at 3556960 steps (train/clip_fraction=0.6604, train/clip_range=0.2000, train/entropy_loss=3.4057, train/explained_variance=0.4970, train/learning_rate=0.0003, train/loss=0.1454, train/n_updates=8680.0000, train/policy_gradient_loss=0.0135, train/std=0.0080, train/value_loss=2.7142)
[2025-10-03 18:06:16] Epoch 87 recorded at 3598320 steps (train/clip_fraction=0.6608, train/clip_range=0.2000, train/entropy_loss=3.4078, train/explained_variance=0.4812, train/learning_rate=0.0003, train/loss=0.1670, train/n_updates=8780.0000, train/policy_gradient_loss=0.0074, train/std=0.0080, train/value_loss=2.6212)
[2025-10-03 18:06:45] Epoch 88 recorded at 3639680 steps (train/clip_fraction=0.6677, train/clip_range=0.2000, train/entropy_loss=3.4189, train/explained_variance=0.5475, train/learning_rate=0.0003, train/loss=0.1673, train/n_updates=8880.0000, train/policy_gradient_loss=0.0032, train/std=0.0079, train/value_loss=2.5895)
