[2025-10-04 00:53:43] alias=ppo_alignment_debug3
[2025-10-04 00:53:43] Config snapshot written to config.yaml
[2025-10-04 00:53:43] Initialising training for ppo_alignment_debug3: epochs≈2, episode_steps=600
[2025-10-04 00:53:52] Episode completed with train_reward=21331196.6945 at step 600
[2025-10-04 00:53:52] Epoch 1 recorded at 600 steps (train/clip_fraction=0.7375, train/clip_range=0.2000, train/entropy_loss=-142.9902, train/explained_variance=-1.6142, train/learning_rate=0.0003, train/loss=-0.1531, train/n_updates=40.0000, train/policy_gradient_loss=-0.1315, train/value_loss=0.0091)
[2025-10-04 00:53:53] Validation @ epoch 1: reward=121702812.1360, std=0.0000
[2025-10-04 00:53:53] New best model saved at best_model_600.zip (mean reward 121702812.1360)
[2025-10-04 00:54:01] Episode completed with train_reward=3871023.1705 at step 1200
[2025-10-04 00:54:01] Epoch 2 recorded at 1200 steps (train/clip_fraction=0.7703, train/clip_range=0.2000, train/entropy_loss=-142.9359, train/explained_variance=-4.0382, train/learning_rate=0.0003, train/loss=-0.1688, train/n_updates=90.0000, train/policy_gradient_loss=-0.1433, train/value_loss=0.0133)
[2025-10-04 00:54:02] Validation @ epoch 2: reward=252240021.3237, std=0.0000
[2025-10-04 00:54:02] New best model saved at best_model_1200.zip (mean reward 252240021.3237)
[2025-10-04 00:54:03] Final epoch 3 metrics captured at 1280 steps (train/clip_fraction=0.0000, train/clip_range=0.2000, train/entropy_loss=-142.9584, train/explained_variance=0.0000, train/learning_rate=0.0003, train/loss=418822946816.0000, train/n_updates=100.0000, train/policy_gradient_loss=-0.0007, train/value_loss=1011127576166.4000)
[2025-10-04 00:54:03] Final validation reward=253918359.4575, std=0.0000
[2025-10-04 00:54:03] Performance summary:
[2025-10-04 00:54:03] alias=ppo_alignment_debug3
[2025-10-04 00:54:03] start_timesteps=0
[2025-10-04 00:54:03] epoch_length=600
[2025-10-04 00:54:03] episode_steps=600
[2025-10-04 00:54:03] planned_epochs=2
[2025-10-04 00:54:03] log_interval_epochs=1
[2025-10-04 00:54:03] eval_interval_epochs=1
[2025-10-04 00:54:03] checkpoint_interval_epochs=1
[2025-10-04 00:54:03] last_train_reward=3871023.1705474854
[2025-10-04 00:54:03] last_checkpoint=1200
[2025-10-04 00:54:03] last_valid_reward=252240021.323748
[2025-10-04 00:54:03] run_completed=True
[2025-10-04 00:54:03] train_timesteps=1200
[2025-10-04 00:54:03] train_epochs=2
[2025-10-04 00:54:03] train_reward=3871023.1705474854
[2025-10-04 00:54:03] valid_reward=253918359.457504
[2025-10-04 00:54:03] eval_std_reward=0.0
[2025-10-04 00:54:03] final_checkpoint=artifacts\debug_runs\20251004-005343_ppo_alignment_debug3\checkpoints\step_001200\model.pt
[2025-10-04 00:54:03] date=2025-10-04
[2025-10-04 00:54:03] Training complete
